[INFO ] [2022-03-25 22:23:15,257] Browser:Chrome
[INFO ] [2022-03-25 22:24:14,749] Browser:Chrome
[INFO ] [2022-03-25 22:25:18,398] Browser:Chrome
[INFO ] [2022-03-25 22:26:57,389] Browser:Chrome
[INFO ] [2022-03-25 22:27:02,504] Verify getMessageRegisterSuccess
[INFO ] [2022-03-25 22:27:03,299] Click login link
[INFO ] [2022-03-25 22:27:13,977] Verify My account is display
[INFO ] [2022-03-25 22:28:12,068] Browser:Chrome
[INFO ] [2022-03-25 22:28:16,148] Verify getMessageRegisterSuccess
[INFO ] [2022-03-25 22:28:16,193] -------------PASS----------------
[INFO ] [2022-03-25 22:28:16,965] Click login link
[INFO ] [2022-03-25 22:28:18,628] --------------FAIL----------------
[INFO ] [2022-03-25 22:28:24,837] -------------PASS----------------
[INFO ] [2022-03-25 22:28:27,855] Verify My account is display
[INFO ] [2022-03-25 22:28:27,899] -------------PASS----------------
[INFO ] [2022-03-27 18:12:54,483] Browser:Chrome
[INFO ] [2022-03-27 18:12:58,991] Register - Click to link to redirect to register page
[INFO ] [2022-03-27 18:12:59,551] Register - Register to Portal User
[INFO ] [2022-03-27 18:13:00,835] Verify get Message Register Success
[INFO ] [2022-03-27 18:13:00,883] -------------PASS----------------
[INFO ] [2022-03-27 18:13:00,883] Register - Click logout
[INFO ] [2022-03-27 18:13:01,684] Click login link
[INFO ] [2022-03-27 18:13:02,200] Login - user login to portal user
[INFO ] [2022-03-27 18:13:03,082] Login - Verify My Account display
[INFO ] [2022-03-27 18:13:03,125] --------------FAIL----------------
[INFO ] [2022-03-27 18:13:03,135] Login - open Customer Infor Page 
[INFO ] [2022-03-27 18:13:04,142] Login - Logout Portal User page
[INFO ] [2022-03-27 18:13:04,851] Login  Open link Admin page
[INFO ] [2022-03-27 18:13:06,663] Login- Login Admin page with email admin@yourstore.com password admin
[INFO ] [2022-03-27 18:13:09,857] -------------PASS----------------
[INFO ] [2022-03-27 18:13:09,857] Login - Logout Portal Admin page
[INFO ] [2022-03-27 18:13:11,442] Login  Open link Portal page
[INFO ] [2022-03-27 18:13:13,131] Verify My account is display
[INFO ] [2022-03-27 18:13:13,171] -------------PASS----------------
[INFO ] [2022-03-27 18:14:40,819] Browser:Chrome
[INFO ] [2022-03-27 18:14:42,884] Register - Click to link to redirect to register page
[INFO ] [2022-03-27 18:14:43,447] Register - Register to Portal User
[INFO ] [2022-03-27 18:14:44,641] Verify get Message Register Success
[INFO ] [2022-03-27 18:14:44,689] -------------PASS----------------
[INFO ] [2022-03-27 18:14:44,689] Register - Click logout
[INFO ] [2022-03-27 18:14:45,449] Click login link
[INFO ] [2022-03-27 18:14:45,974] Login - user login to portal user
[INFO ] [2022-03-27 18:14:46,838] Login - Verify My Account display
[INFO ] [2022-03-27 18:14:46,880] --------------FAIL----------------
[INFO ] [2022-03-27 18:14:46,881] Login - open Customer Infor Page 
[INFO ] [2022-03-27 18:14:47,538] Login - Logout Portal User page
[INFO ] [2022-03-27 18:14:48,263] Login  Open link Admin page
[INFO ] [2022-03-27 18:14:49,326] Login- Login Admin page with email admin@yourstore.com password admin
[INFO ] [2022-03-27 18:14:51,548] -------------PASS----------------
[INFO ] [2022-03-27 18:14:51,548] Login - Logout Portal Admin page
[INFO ] [2022-03-27 18:14:52,800] Login  Open link Portal page
[INFO ] [2022-03-27 18:14:54,629] Verify My account is display
[INFO ] [2022-03-27 18:14:54,667] -------------PASS----------------
[INFO ] [2022-03-27 18:28:21,222] Browser:Chrome
[INFO ] [2022-03-27 18:28:24,287] Register - Click to link to redirect to register page
[INFO ] [2022-03-27 18:28:24,830] Register - Register to Portal User
[INFO ] [2022-03-27 18:28:26,047] Verify get Message Register Success
[INFO ] [2022-03-27 18:28:26,092] -------------PASS----------------
[INFO ] [2022-03-27 18:28:26,092] Register - Click logout
[INFO ] [2022-03-27 18:28:26,824] Click login link
[INFO ] [2022-03-27 18:28:27,338] Login - user login to portal user
[INFO ] [2022-03-27 18:28:28,218] Login - Verify My Account display
[INFO ] [2022-03-27 18:28:28,258] --------------FAIL----------------
[INFO ] [2022-03-27 18:28:28,259] Login - open Customer Infor Page 
[INFO ] [2022-03-27 18:28:28,789] Login - Logout Portal User page
[INFO ] [2022-03-27 18:28:29,559] Login  Open link Admin page
[INFO ] [2022-03-27 18:28:31,446] Login- Login Admin page with email admin@yourstore.com password admin
[INFO ] [2022-03-27 18:28:34,484] -------------PASS----------------
[INFO ] [2022-03-27 18:28:34,484] Login - Logout Portal Admin page
[INFO ] [2022-03-27 18:28:35,914] Login  Open link Portal page
[INFO ] [2022-03-27 18:28:37,711] Verify My account is display
[INFO ] [2022-03-27 18:28:37,750] -------------PASS----------------
[INFO ] [2022-03-27 18:28:37,861] Browser:Firefox
[INFO ] [2022-03-27 18:31:18,943] Browser:Firefox
[INFO ] [2022-03-27 18:33:12,549] Browser:FireFox
[INFO ] [2022-03-27 18:33:20,919] Register - Click to link to redirect to register page
[INFO ] [2022-03-27 18:33:21,424] Register - Register to Portal User
[INFO ] [2022-03-27 18:33:22,344] Verify get Message Register Success
[INFO ] [2022-03-27 18:33:22,382] -------------PASS----------------
[INFO ] [2022-03-27 18:33:22,382] Register - Click logout
[INFO ] [2022-03-27 18:33:23,036] Click login link
[INFO ] [2022-03-27 18:33:23,534] Login - user login to portal user
[INFO ] [2022-03-27 18:33:24,221] Login - Verify My Account display
[INFO ] [2022-03-27 18:33:24,263] --------------FAIL----------------
[INFO ] [2022-03-27 18:33:24,263] Login - open Customer Infor Page 
[INFO ] [2022-03-27 18:33:24,759] Login - Logout Portal User page
[INFO ] [2022-03-27 18:33:25,411] Login  Open link Admin page
[INFO ] [2022-03-27 18:33:26,972] Login- Login Admin page with email admin@yourstore.com password admin
[INFO ] [2022-03-27 18:33:29,972] -------------PASS----------------
[INFO ] [2022-03-27 18:33:29,972] Login - Logout Portal Admin page
[INFO ] [2022-03-27 18:33:31,051] Login  Open link Portal page
[INFO ] [2022-03-27 18:33:32,471] Verify My account is display
[INFO ] [2022-03-27 18:33:32,510] -------------PASS----------------
[INFO ] [2022-03-27 18:33:42,028] Browser:Chrome
[INFO ] [2022-03-27 18:33:44,826] Register - Click to link to redirect to register page
[INFO ] [2022-03-27 18:33:45,341] Register - Register to Portal User
[INFO ] [2022-03-27 18:33:46,469] Verify get Message Register Success
[INFO ] [2022-03-27 18:33:46,513] -------------PASS----------------
[INFO ] [2022-03-27 18:33:46,513] Register - Click logout
[INFO ] [2022-03-27 18:33:47,253] Click login link
[INFO ] [2022-03-27 18:33:47,732] Login - user login to portal user
[INFO ] [2022-03-27 18:33:48,532] Login - Verify My Account display
[INFO ] [2022-03-27 18:33:48,573] --------------FAIL----------------
[INFO ] [2022-03-27 18:33:48,574] Login - open Customer Infor Page 
[INFO ] [2022-03-27 18:33:49,067] Login - Logout Portal User page
[INFO ] [2022-03-27 18:33:49,850] Login  Open link Admin page
[INFO ] [2022-03-27 18:33:51,336] Login- Login Admin page with email admin@yourstore.com password admin
[INFO ] [2022-03-27 18:33:54,192] -------------PASS----------------
[INFO ] [2022-03-27 18:33:54,192] Login - Logout Portal Admin page
[INFO ] [2022-03-27 18:33:55,361] Login  Open link Portal page
[INFO ] [2022-03-27 18:33:56,983] Verify My account is display
[INFO ] [2022-03-27 18:33:57,020] -------------PASS----------------
[INFO ] [2022-03-27 18:33:57,114] Browser:FireFox
[INFO ] [2022-03-27 18:34:01,142] Register - Click to link to redirect to register page
[INFO ] [2022-03-27 18:34:01,638] Register - Register to Portal User
[INFO ] [2022-03-27 18:34:02,582] Verify get Message Register Success
[INFO ] [2022-03-27 18:34:02,612] -------------PASS----------------
[INFO ] [2022-03-27 18:34:02,612] Register - Click logout
[INFO ] [2022-03-27 18:34:03,306] Click login link
[INFO ] [2022-03-27 18:34:03,803] Login - user login to portal user
[INFO ] [2022-03-27 18:34:04,589] Login - Verify My Account display
[INFO ] [2022-03-27 18:34:04,635] --------------FAIL----------------
[INFO ] [2022-03-27 18:34:04,635] Login - open Customer Infor Page 
[INFO ] [2022-03-27 18:34:05,161] Login - Logout Portal User page
[INFO ] [2022-03-27 18:34:05,894] Login  Open link Admin page
[INFO ] [2022-03-27 18:34:07,744] Login- Login Admin page with email admin@yourstore.com password admin
[INFO ] [2022-03-27 18:34:11,160] -------------PASS----------------
[INFO ] [2022-03-27 18:34:11,160] Login - Logout Portal Admin page
[INFO ] [2022-03-27 18:34:12,450] Login  Open link Portal page
[INFO ] [2022-03-27 18:34:14,441] Verify My account is display
[INFO ] [2022-03-27 18:34:14,485] -------------PASS----------------
[INFO ] [2022-03-28 22:11:30,968] Browser:Chrome
[INFO ] [2022-03-28 22:11:35,513] Register - Click to link to redirect to register page
[INFO ] [2022-03-28 22:11:36,072] Register - Register to Portal User
[INFO ] [2022-03-28 22:11:37,296] Verify get Message Register Success
[INFO ] [2022-03-28 22:11:37,344] -------------PASS----------------
[INFO ] [2022-03-28 22:11:37,344] Register - Click logout
[INFO ] [2022-03-28 22:11:38,079] Click login link
[INFO ] [2022-03-28 22:11:38,735] Login - user login to portal user
[INFO ] [2022-03-28 22:11:39,622] Login - Verify My Account display
[INFO ] [2022-03-28 22:11:39,665] --------------FAIL----------------
[INFO ] [2022-03-28 22:11:39,680] Login - open Customer Infor Page 
[INFO ] [2022-03-28 22:11:40,213] Login - Logout Portal User page
[INFO ] [2022-03-28 22:11:41,015] Login  Open link Admin page
[INFO ] [2022-03-28 22:11:42,634] Login- Login Admin page with email admin@yourstore.com password admin
[INFO ] [2022-03-28 22:11:45,801] -------------PASS----------------
[INFO ] [2022-03-28 22:11:45,801] Login - Logout Portal Admin page
[INFO ] [2022-03-28 22:11:47,115] Login  Open link Portal page
[INFO ] [2022-03-28 22:11:48,853] Verify My account is display
[INFO ] [2022-03-28 22:11:48,892] -------------PASS----------------
[INFO ] [2022-03-28 22:11:49,000] Browser:FireFox
[INFO ] [2022-03-28 22:11:54,587] Register - Click to link to redirect to register page
[INFO ] [2022-03-28 22:11:55,190] Register - Register to Portal User
[INFO ] [2022-03-28 22:11:56,218] Verify get Message Register Success
[INFO ] [2022-03-28 22:11:56,248] -------------PASS----------------
[INFO ] [2022-03-28 22:11:56,248] Register - Click logout
[INFO ] [2022-03-28 22:11:57,230] Click login link
[INFO ] [2022-03-28 22:11:57,852] Login - user login to portal user
[INFO ] [2022-03-28 22:11:58,957] Login - Verify My Account display
[INFO ] [2022-03-28 22:11:59,004] --------------FAIL----------------
[INFO ] [2022-03-28 22:11:59,004] Login - open Customer Infor Page 
[INFO ] [2022-03-28 22:11:59,661] Login - Logout Portal User page
[INFO ] [2022-03-28 22:12:00,732] Login  Open link Admin page
[INFO ] [2022-03-28 22:12:02,586] Login- Login Admin page with email admin@yourstore.com password admin
[INFO ] [2022-03-28 22:12:04,575] -------------PASS----------------
[INFO ] [2022-03-28 22:12:04,575] Login - Logout Portal Admin page
[INFO ] [2022-03-28 22:12:04,610] Login  Open link Portal page
[INFO ] [2022-03-28 22:12:06,359] Verify My account is display
[INFO ] [2022-03-28 22:12:06,399] -------------PASS----------------
[INFO ] [2022-03-29 10:21:49,106] Browser:Chrome
[INFO ] [2022-03-29 10:21:54,564] Register - Click to link to redirect to register page
[INFO ] [2022-03-29 10:21:55,099] Register - Register to Portal User
[INFO ] [2022-03-29 10:21:56,354] Verify get Message Register Success
[INFO ] [2022-03-29 10:21:56,399] -------------PASS----------------
[INFO ] [2022-03-29 10:21:56,399] Register - Click logout
[INFO ] [2022-03-29 10:21:57,136] Click login link
[INFO ] [2022-03-29 10:21:57,669] Login - user login to portal user
[INFO ] [2022-03-29 10:21:58,625] Login - Verify My Account display
[INFO ] [2022-03-29 10:21:58,665] --------------FAIL----------------
[INFO ] [2022-03-29 10:21:58,665] Login - open Customer Infor Page 
[INFO ] [2022-03-29 10:21:59,168] Login - Logout Portal User page
[INFO ] [2022-03-29 10:21:59,935] Login  Open link Admin page
[INFO ] [2022-03-29 10:22:01,698] Login- Login Admin page with email admin@yourstore.com password admin
[INFO ] [2022-03-29 10:22:04,638] -------------PASS----------------
[INFO ] [2022-03-29 10:22:04,638] Login - Logout Portal Admin page
[INFO ] [2022-03-29 10:22:05,978] Login  Open link Portal page
[INFO ] [2022-03-29 10:22:07,667] Verify My account is display
[INFO ] [2022-03-29 10:22:07,703] -------------PASS----------------
[INFO ] [2022-03-29 10:23:17,074] Browser:Chrome
[INFO ] [2022-03-29 10:23:20,251] Register - Click to link to redirect to register page
[INFO ] [2022-03-29 10:23:20,795] Register - Register to Portal User
[INFO ] [2022-03-29 10:23:21,991] Verify get Message Register Success
[INFO ] [2022-03-29 10:23:22,034] -------------PASS----------------
[INFO ] [2022-03-29 10:23:22,034] Register - Click logout
[INFO ] [2022-03-29 10:23:22,815] Click login link
[INFO ] [2022-03-29 10:23:23,356] Login - user login to portal user
[INFO ] [2022-03-29 10:23:24,384] Login - Verify My Account display
[INFO ] [2022-03-29 10:23:24,425] --------------FAIL----------------
[INFO ] [2022-03-29 10:23:24,426] Login - open Customer Infor Page 
[INFO ] [2022-03-29 10:23:24,957] Login - Logout Portal User page
[INFO ] [2022-03-29 10:23:25,696] Login  Open link Admin page
[INFO ] [2022-03-29 10:23:27,366] Login- Login Admin page with email admin@yourstore.com password admin
[INFO ] [2022-03-29 10:23:30,311] -------------PASS----------------
[INFO ] [2022-03-29 10:23:30,311] Login - Logout Portal Admin page
[INFO ] [2022-03-29 10:23:31,916] Login  Open link Portal page
[INFO ] [2022-03-29 10:23:33,647] Verify My account is display
[INFO ] [2022-03-29 10:23:33,687] -------------PASS----------------
[INFO ] [2022-03-29 10:52:09,890] Browser:Chrome
[INFO ] [2022-03-29 10:52:12,299] Register - Click to link to redirect to register page
[INFO ] [2022-03-29 10:52:12,833] Register - Register to Portal User
[INFO ] [2022-03-29 10:52:14,047] Verify get Message Register Success
[INFO ] [2022-03-29 10:52:14,093] -------------PASS----------------
[INFO ] [2022-03-29 10:52:14,093] Register - Click logout
[INFO ] [2022-03-29 10:52:14,820] Click login link
[INFO ] [2022-03-29 10:52:15,359] Login - user login to portal user
[INFO ] [2022-03-29 10:52:16,222] Login - Verify My Account display
[INFO ] [2022-03-29 10:52:16,266] --------------FAIL----------------
[INFO ] [2022-03-29 10:52:16,267] Login - open Customer Infor Page 
[INFO ] [2022-03-29 10:52:16,806] Login - Logout Portal User page
[INFO ] [2022-03-29 10:52:17,593] Login  Open link Admin page
[INFO ] [2022-03-29 10:52:19,354] Login- Login Admin page with email admin@yourstore.com password admin
[INFO ] [2022-03-29 10:52:22,479] -------------PASS----------------
[INFO ] [2022-03-29 10:52:22,479] Login - Logout Portal Admin page
[INFO ] [2022-03-29 10:52:24,077] Login  Open link Portal page
[INFO ] [2022-03-29 10:52:25,781] Verify My account is display
[INFO ] [2022-03-29 10:52:25,819] -------------PASS----------------
[INFO ] [2022-03-29 10:52:44,521] Browser:Chrome
[INFO ] [2022-03-29 10:52:46,717] Register - Click to link to redirect to register page
[INFO ] [2022-03-29 10:52:47,344] Register - Register to Portal User
[INFO ] [2022-03-29 10:52:48,525] Verify get Message Register Success
[INFO ] [2022-03-29 10:52:48,570] -------------PASS----------------
[INFO ] [2022-03-29 10:52:48,570] Register - Click logout
[INFO ] [2022-03-29 10:52:49,604] Click login link
[INFO ] [2022-03-29 10:52:50,137] Login - user login to portal user
[INFO ] [2022-03-29 10:52:50,990] Login - Verify My Account display
[INFO ] [2022-03-29 10:52:51,032] --------------FAIL----------------
[INFO ] [2022-03-29 10:52:51,033] Login - open Customer Infor Page 
[INFO ] [2022-03-29 10:52:51,574] Login - Logout Portal User page
[INFO ] [2022-03-29 10:52:52,296] Login  Open link Admin page
[INFO ] [2022-03-29 10:52:53,451] Login- Login Admin page with email admin@yourstore.com password admin
[INFO ] [2022-03-29 10:52:55,889] -------------PASS----------------
[INFO ] [2022-03-29 10:52:55,889] Login - Logout Portal Admin page
[INFO ] [2022-03-29 10:52:57,542] Login  Open link Portal page
[INFO ] [2022-03-29 10:52:59,412] Verify My account is display
[INFO ] [2022-03-29 10:52:59,451] -------------PASS----------------
[INFO ] [2022-03-29 10:56:48,324] Browser:Chrome
[INFO ] [2022-03-29 10:56:50,518] Register - Click to link to redirect to register page
[INFO ] [2022-03-29 10:56:51,064] Register - Register to Portal User
[INFO ] [2022-03-29 10:56:52,266] Verify get Message Register Success
[INFO ] [2022-03-29 10:56:52,311] -------------PASS----------------
[INFO ] [2022-03-29 10:56:52,311] Register - Click logout
[INFO ] [2022-03-29 10:56:53,052] Click login link
[INFO ] [2022-03-29 10:56:53,553] Login - user login to portal user
[INFO ] [2022-03-29 10:56:54,443] Login - Verify My Account display
[INFO ] [2022-03-29 10:56:54,492] --------------FAIL----------------
[INFO ] [2022-03-29 10:56:54,492] Login - open Customer Infor Page 
[INFO ] [2022-03-29 10:56:55,040] Login - Logout Portal User page
[INFO ] [2022-03-29 10:56:55,752] Login  Open link Admin page
[INFO ] [2022-03-29 10:56:57,476] Login- Login Admin page with email admin@yourstore.com password admin
[INFO ] [2022-03-29 10:57:00,279] -------------PASS----------------
[INFO ] [2022-03-29 10:57:00,280] Login - Logout Portal Admin page
[INFO ] [2022-03-29 10:57:01,813] Login  Open link Portal page
[INFO ] [2022-03-29 10:57:03,533] Verify My account is display
[INFO ] [2022-03-29 10:57:03,571] -------------PASS----------------
[INFO ] [2022-03-29 13:59:38,641] Browser:Chrome
[INFO ] [2022-03-29 13:59:42,216] Register - Click to link to redirect to register page
[INFO ] [2022-03-29 13:59:42,773] Register - Register to Portal User
[INFO ] [2022-03-29 13:59:44,000] Verify get Message Register Success
[INFO ] [2022-03-29 13:59:44,050] -------------PASS----------------
[INFO ] [2022-03-29 13:59:44,050] Register - Click logout
[INFO ] [2022-03-29 13:59:44,871] Click login link
[INFO ] [2022-03-29 13:59:45,391] Login - user login to portal user
[INFO ] [2022-03-29 13:59:46,262] Login - Verify My Account display
[INFO ] [2022-03-29 13:59:46,552] Login  Open link Portal page
